D:\ICNC_2015\DEBUG\ICNC_2015.EXE
D:\ICNC_2015\DEBUG\ICNC_2015.ILK
D:\ICNC_2015\DEBUG\ICNC_2015.PDB
D:\ICNC_2015\ICNC_2015\DEBUG\.NETFRAMEWORK,VERSION=V4.0.ASSEMBLYATTRIBUTES.OBJ
D:\ICNC_2015\ICNC_2015\DEBUG\APP.RES
D:\ICNC_2015\ICNC_2015\DEBUG\ASSEMBLYINFO.OBJ
D:\iCNC_2015\iCNC_2015\Debug\cl.command.1.tlog
D:\iCNC_2015\iCNC_2015\Debug\CL.read.1.tlog
D:\iCNC_2015\iCNC_2015\Debug\CL.write.1.tlog
D:\ICNC_2015\ICNC_2015\DEBUG\CNCCTRL.OBJ
D:\ICNC_2015\ICNC_2015\DEBUG\DECCRTL.OBJ
D:\ICNC_2015\ICNC_2015\DEBUG\DECFUNCTION.OBJ
D:\ICNC_2015\ICNC_2015\DEBUG\DECMAIN.OBJ
D:\ICNC_2015\ICNC_2015\DEBUG\FIFO.OBJ
D:\ICNC_2015\ICNC_2015\DEBUG\ICNC_2015.EXE.INTERMEDIATE.MANIFEST
D:\iCNC_2015\iCNC_2015\Debug\iCNC_2015.Form1.resources
D:\ICNC_2015\ICNC_2015\DEBUG\ICNC_2015.OBJ
D:\ICNC_2015\ICNC_2015\DEBUG\ICNC_2015.PCH
D:\iCNC_2015\iCNC_2015\Debug\iCNC_2015.vcxproj.GenerateResource.Cache
D:\iCNC_2015\iCNC_2015\Debug\iCNC_2015.vcxprojResolveAssemblyReference.cache
D:\iCNC_2015\iCNC_2015\Debug\iCNC_2015.write.1.tlog
D:\ICNC_2015\ICNC_2015\DEBUG\INTPCTRL.OBJ
D:\ICNC_2015\ICNC_2015\DEBUG\INTPFUNCTION.OBJ
D:\ICNC_2015\ICNC_2015\DEBUG\INTPMAIN.OBJ
D:\ICNC_2015\ICNC_2015\DEBUG\INTPTRAFO.OBJ
D:\iCNC_2015\iCNC_2015\Debug\link.10196.read.1.tlog
D:\iCNC_2015\iCNC_2015\Debug\link.10196.write.1.tlog
D:\iCNC_2015\iCNC_2015\Debug\link.10196-cvtres.read.1.tlog
D:\iCNC_2015\iCNC_2015\Debug\link.10196-cvtres.write.1.tlog
D:\iCNC_2015\iCNC_2015\Debug\link.1036.read.1.tlog
D:\iCNC_2015\iCNC_2015\Debug\link.1036.write.1.tlog
D:\iCNC_2015\iCNC_2015\Debug\link.1036-cvtres.read.1.tlog
D:\iCNC_2015\iCNC_2015\Debug\link.1036-cvtres.write.1.tlog
D:\iCNC_2015\iCNC_2015\Debug\link.10820.read.1.tlog
D:\iCNC_2015\iCNC_2015\Debug\link.10820.write.1.tlog
D:\iCNC_2015\iCNC_2015\Debug\link.10820-cvtres.read.1.tlog
D:\iCNC_2015\iCNC_2015\Debug\link.10820-cvtres.write.1.tlog
D:\iCNC_2015\iCNC_2015\Debug\link.11004.read.1.tlog
D:\iCNC_2015\iCNC_2015\Debug\link.11004.write.1.tlog
D:\iCNC_2015\iCNC_2015\Debug\link.11004-cvtres.read.1.tlog
D:\iCNC_2015\iCNC_2015\Debug\link.11004-cvtres.write.1.tlog
D:\iCNC_2015\iCNC_2015\Debug\link.11040.read.1.tlog
D:\iCNC_2015\iCNC_2015\Debug\link.11040.write.1.tlog
D:\iCNC_2015\iCNC_2015\Debug\link.11040-cvtres.read.1.tlog
D:\iCNC_2015\iCNC_2015\Debug\link.11040-cvtres.write.1.tlog
D:\iCNC_2015\iCNC_2015\Debug\link.11372.read.1.tlog
D:\iCNC_2015\iCNC_2015\Debug\link.11372.write.1.tlog
D:\iCNC_2015\iCNC_2015\Debug\link.11372-cvtres.read.1.tlog
D:\iCNC_2015\iCNC_2015\Debug\link.11372-cvtres.write.1.tlog
D:\iCNC_2015\iCNC_2015\Debug\link.11376.read.1.tlog
D:\iCNC_2015\iCNC_2015\Debug\link.11376.write.1.tlog
D:\iCNC_2015\iCNC_2015\Debug\link.11376-cvtres.read.1.tlog
D:\iCNC_2015\iCNC_2015\Debug\link.11376-cvtres.write.1.tlog
D:\iCNC_2015\iCNC_2015\Debug\link.11424.read.1.tlog
D:\iCNC_2015\iCNC_2015\Debug\link.11424.write.1.tlog
D:\iCNC_2015\iCNC_2015\Debug\link.11424-cvtres.read.1.tlog
D:\iCNC_2015\iCNC_2015\Debug\link.11424-cvtres.write.1.tlog
D:\iCNC_2015\iCNC_2015\Debug\link.11812.read.1.tlog
D:\iCNC_2015\iCNC_2015\Debug\link.11812.write.1.tlog
D:\iCNC_2015\iCNC_2015\Debug\link.11812-cvtres.read.1.tlog
D:\iCNC_2015\iCNC_2015\Debug\link.11812-cvtres.write.1.tlog
D:\iCNC_2015\iCNC_2015\Debug\link.12132.read.1.tlog
D:\iCNC_2015\iCNC_2015\Debug\link.12132.write.1.tlog
D:\iCNC_2015\iCNC_2015\Debug\link.12132-cvtres.read.1.tlog
D:\iCNC_2015\iCNC_2015\Debug\link.12132-cvtres.write.1.tlog
D:\iCNC_2015\iCNC_2015\Debug\link.12320.read.1.tlog
D:\iCNC_2015\iCNC_2015\Debug\link.12320.write.1.tlog
D:\iCNC_2015\iCNC_2015\Debug\link.12320-cvtres.read.1.tlog
D:\iCNC_2015\iCNC_2015\Debug\link.12320-cvtres.write.1.tlog
D:\iCNC_2015\iCNC_2015\Debug\link.12456.read.1.tlog
D:\iCNC_2015\iCNC_2015\Debug\link.12456.write.1.tlog
D:\iCNC_2015\iCNC_2015\Debug\link.12456-cvtres.read.1.tlog
D:\iCNC_2015\iCNC_2015\Debug\link.12456-cvtres.write.1.tlog
D:\iCNC_2015\iCNC_2015\Debug\link.12620.read.1.tlog
D:\iCNC_2015\iCNC_2015\Debug\link.12620.write.1.tlog
D:\iCNC_2015\iCNC_2015\Debug\link.12620-cvtres.read.1.tlog
D:\iCNC_2015\iCNC_2015\Debug\link.12620-cvtres.write.1.tlog
D:\iCNC_2015\iCNC_2015\Debug\link.12660.read.1.tlog
D:\iCNC_2015\iCNC_2015\Debug\link.12660.write.1.tlog
D:\iCNC_2015\iCNC_2015\Debug\link.12660-cvtres.read.1.tlog
D:\iCNC_2015\iCNC_2015\Debug\link.12660-cvtres.write.1.tlog
D:\iCNC_2015\iCNC_2015\Debug\link.13536.read.1.tlog
D:\iCNC_2015\iCNC_2015\Debug\link.13536.write.1.tlog
D:\iCNC_2015\iCNC_2015\Debug\link.13536-cvtres.read.1.tlog
D:\iCNC_2015\iCNC_2015\Debug\link.13536-cvtres.write.1.tlog
D:\iCNC_2015\iCNC_2015\Debug\link.2432.read.1.tlog
D:\iCNC_2015\iCNC_2015\Debug\link.2432.write.1.tlog
D:\iCNC_2015\iCNC_2015\Debug\link.2432-cvtres.read.1.tlog
D:\iCNC_2015\iCNC_2015\Debug\link.2432-cvtres.write.1.tlog
D:\iCNC_2015\iCNC_2015\Debug\link.2748.read.1.tlog
D:\iCNC_2015\iCNC_2015\Debug\link.2748.write.1.tlog
D:\iCNC_2015\iCNC_2015\Debug\link.2748-cvtres.read.1.tlog
D:\iCNC_2015\iCNC_2015\Debug\link.2748-cvtres.write.1.tlog
D:\iCNC_2015\iCNC_2015\Debug\link.2776.read.1.tlog
D:\iCNC_2015\iCNC_2015\Debug\link.2776.write.1.tlog
D:\iCNC_2015\iCNC_2015\Debug\link.2776-cvtres.read.1.tlog
D:\iCNC_2015\iCNC_2015\Debug\link.2776-cvtres.write.1.tlog
D:\iCNC_2015\iCNC_2015\Debug\link.2820.read.1.tlog
D:\iCNC_2015\iCNC_2015\Debug\link.2820.write.1.tlog
D:\iCNC_2015\iCNC_2015\Debug\link.2820-cvtres.read.1.tlog
D:\iCNC_2015\iCNC_2015\Debug\link.2820-cvtres.write.1.tlog
D:\iCNC_2015\iCNC_2015\Debug\link.3708.read.1.tlog
D:\iCNC_2015\iCNC_2015\Debug\link.3708.write.1.tlog
D:\iCNC_2015\iCNC_2015\Debug\link.3708-cvtres.read.1.tlog
D:\iCNC_2015\iCNC_2015\Debug\link.3708-cvtres.write.1.tlog
D:\iCNC_2015\iCNC_2015\Debug\link.4320.read.1.tlog
D:\iCNC_2015\iCNC_2015\Debug\link.4320.write.1.tlog
D:\iCNC_2015\iCNC_2015\Debug\link.4320-cvtres.read.1.tlog
D:\iCNC_2015\iCNC_2015\Debug\link.4320-cvtres.write.1.tlog
D:\iCNC_2015\iCNC_2015\Debug\link.4568.read.1.tlog
D:\iCNC_2015\iCNC_2015\Debug\link.4568.write.1.tlog
D:\iCNC_2015\iCNC_2015\Debug\link.4568-cvtres.read.1.tlog
D:\iCNC_2015\iCNC_2015\Debug\link.4568-cvtres.write.1.tlog
D:\iCNC_2015\iCNC_2015\Debug\link.4980.read.1.tlog
D:\iCNC_2015\iCNC_2015\Debug\link.4980.write.1.tlog
D:\iCNC_2015\iCNC_2015\Debug\link.4980-cvtres.read.1.tlog
D:\iCNC_2015\iCNC_2015\Debug\link.4980-cvtres.write.1.tlog
D:\iCNC_2015\iCNC_2015\Debug\link.5488.read.1.tlog
D:\iCNC_2015\iCNC_2015\Debug\link.5488.write.1.tlog
D:\iCNC_2015\iCNC_2015\Debug\link.5488-cvtres.read.1.tlog
D:\iCNC_2015\iCNC_2015\Debug\link.5488-cvtres.write.1.tlog
D:\iCNC_2015\iCNC_2015\Debug\link.5856.read.1.tlog
D:\iCNC_2015\iCNC_2015\Debug\link.5856.write.1.tlog
D:\iCNC_2015\iCNC_2015\Debug\link.5856-cvtres.read.1.tlog
D:\iCNC_2015\iCNC_2015\Debug\link.5856-cvtres.write.1.tlog
D:\iCNC_2015\iCNC_2015\Debug\link.6348.read.1.tlog
D:\iCNC_2015\iCNC_2015\Debug\link.6348.write.1.tlog
D:\iCNC_2015\iCNC_2015\Debug\link.6348-cvtres.read.1.tlog
D:\iCNC_2015\iCNC_2015\Debug\link.6348-cvtres.write.1.tlog
D:\iCNC_2015\iCNC_2015\Debug\link.7112.read.1.tlog
D:\iCNC_2015\iCNC_2015\Debug\link.7112.write.1.tlog
D:\iCNC_2015\iCNC_2015\Debug\link.7112-cvtres.read.1.tlog
D:\iCNC_2015\iCNC_2015\Debug\link.7112-cvtres.write.1.tlog
D:\iCNC_2015\iCNC_2015\Debug\link.7264.read.1.tlog
D:\iCNC_2015\iCNC_2015\Debug\link.7264.write.1.tlog
D:\iCNC_2015\iCNC_2015\Debug\link.7264-cvtres.read.1.tlog
D:\iCNC_2015\iCNC_2015\Debug\link.7264-cvtres.write.1.tlog
D:\iCNC_2015\iCNC_2015\Debug\link.7344.read.1.tlog
D:\iCNC_2015\iCNC_2015\Debug\link.7344.write.1.tlog
D:\iCNC_2015\iCNC_2015\Debug\link.7344-cvtres.read.1.tlog
D:\iCNC_2015\iCNC_2015\Debug\link.7344-cvtres.write.1.tlog
D:\iCNC_2015\iCNC_2015\Debug\link.7352.read.1.tlog
D:\iCNC_2015\iCNC_2015\Debug\link.7352.write.1.tlog
D:\iCNC_2015\iCNC_2015\Debug\link.7352-cvtres.read.1.tlog
D:\iCNC_2015\iCNC_2015\Debug\link.7352-cvtres.write.1.tlog
D:\iCNC_2015\iCNC_2015\Debug\link.7504.read.1.tlog
D:\iCNC_2015\iCNC_2015\Debug\link.7504.write.1.tlog
D:\iCNC_2015\iCNC_2015\Debug\link.7504-cvtres.read.1.tlog
D:\iCNC_2015\iCNC_2015\Debug\link.7504-cvtres.write.1.tlog
D:\iCNC_2015\iCNC_2015\Debug\link.7520.read.1.tlog
D:\iCNC_2015\iCNC_2015\Debug\link.7520.write.1.tlog
D:\iCNC_2015\iCNC_2015\Debug\link.7520-cvtres.read.1.tlog
D:\iCNC_2015\iCNC_2015\Debug\link.7520-cvtres.write.1.tlog
D:\iCNC_2015\iCNC_2015\Debug\link.7600.read.1.tlog
D:\iCNC_2015\iCNC_2015\Debug\link.7600.write.1.tlog
D:\iCNC_2015\iCNC_2015\Debug\link.7600-cvtres.read.1.tlog
D:\iCNC_2015\iCNC_2015\Debug\link.7600-cvtres.write.1.tlog
D:\iCNC_2015\iCNC_2015\Debug\link.7852.read.1.tlog
D:\iCNC_2015\iCNC_2015\Debug\link.7852.write.1.tlog
D:\iCNC_2015\iCNC_2015\Debug\link.7852-cvtres.read.1.tlog
D:\iCNC_2015\iCNC_2015\Debug\link.7852-cvtres.write.1.tlog
D:\iCNC_2015\iCNC_2015\Debug\link.7948.read.1.tlog
D:\iCNC_2015\iCNC_2015\Debug\link.7948.write.1.tlog
D:\iCNC_2015\iCNC_2015\Debug\link.7948-cvtres.read.1.tlog
D:\iCNC_2015\iCNC_2015\Debug\link.7948-cvtres.write.1.tlog
D:\iCNC_2015\iCNC_2015\Debug\link.8036.read.1.tlog
D:\iCNC_2015\iCNC_2015\Debug\link.8036.write.1.tlog
D:\iCNC_2015\iCNC_2015\Debug\link.8036-cvtres.read.1.tlog
D:\iCNC_2015\iCNC_2015\Debug\link.8036-cvtres.write.1.tlog
D:\iCNC_2015\iCNC_2015\Debug\link.8084.read.1.tlog
D:\iCNC_2015\iCNC_2015\Debug\link.8084.write.1.tlog
D:\iCNC_2015\iCNC_2015\Debug\link.8084-cvtres.read.1.tlog
D:\iCNC_2015\iCNC_2015\Debug\link.8084-cvtres.write.1.tlog
D:\iCNC_2015\iCNC_2015\Debug\link.8208.read.1.tlog
D:\iCNC_2015\iCNC_2015\Debug\link.8208.write.1.tlog
D:\iCNC_2015\iCNC_2015\Debug\link.8208-cvtres.read.1.tlog
D:\iCNC_2015\iCNC_2015\Debug\link.8208-cvtres.write.1.tlog
D:\iCNC_2015\iCNC_2015\Debug\link.8276.read.1.tlog
D:\iCNC_2015\iCNC_2015\Debug\link.8276.write.1.tlog
D:\iCNC_2015\iCNC_2015\Debug\link.8276-cvtres.read.1.tlog
D:\iCNC_2015\iCNC_2015\Debug\link.8276-cvtres.write.1.tlog
D:\iCNC_2015\iCNC_2015\Debug\link.8692.read.1.tlog
D:\iCNC_2015\iCNC_2015\Debug\link.8692.write.1.tlog
D:\iCNC_2015\iCNC_2015\Debug\link.8692-cvtres.read.1.tlog
D:\iCNC_2015\iCNC_2015\Debug\link.8692-cvtres.write.1.tlog
D:\iCNC_2015\iCNC_2015\Debug\link.8920.read.1.tlog
D:\iCNC_2015\iCNC_2015\Debug\link.8920.write.1.tlog
D:\iCNC_2015\iCNC_2015\Debug\link.8920-cvtres.read.1.tlog
D:\iCNC_2015\iCNC_2015\Debug\link.8920-cvtres.write.1.tlog
D:\iCNC_2015\iCNC_2015\Debug\link.9232.read.1.tlog
D:\iCNC_2015\iCNC_2015\Debug\link.9232.write.1.tlog
D:\iCNC_2015\iCNC_2015\Debug\link.9232-cvtres.read.1.tlog
D:\iCNC_2015\iCNC_2015\Debug\link.9232-cvtres.write.1.tlog
D:\iCNC_2015\iCNC_2015\Debug\link.924.read.1.tlog
D:\iCNC_2015\iCNC_2015\Debug\link.924.write.1.tlog
D:\iCNC_2015\iCNC_2015\Debug\link.924-cvtres.read.1.tlog
D:\iCNC_2015\iCNC_2015\Debug\link.924-cvtres.write.1.tlog
D:\iCNC_2015\iCNC_2015\Debug\link.9376.read.1.tlog
D:\iCNC_2015\iCNC_2015\Debug\link.9376.write.1.tlog
D:\iCNC_2015\iCNC_2015\Debug\link.9376-cvtres.read.1.tlog
D:\iCNC_2015\iCNC_2015\Debug\link.9376-cvtres.write.1.tlog
D:\iCNC_2015\iCNC_2015\Debug\link.9644.read.1.tlog
D:\iCNC_2015\iCNC_2015\Debug\link.9644.write.1.tlog
D:\iCNC_2015\iCNC_2015\Debug\link.9644-cvtres.read.1.tlog
D:\iCNC_2015\iCNC_2015\Debug\link.9644-cvtres.write.1.tlog
D:\iCNC_2015\iCNC_2015\Debug\link.980.read.1.tlog
D:\iCNC_2015\iCNC_2015\Debug\link.980.write.1.tlog
D:\iCNC_2015\iCNC_2015\Debug\link.980-cvtres.read.1.tlog
D:\iCNC_2015\iCNC_2015\Debug\link.980-cvtres.write.1.tlog
D:\iCNC_2015\iCNC_2015\Debug\link.992.read.1.tlog
D:\iCNC_2015\iCNC_2015\Debug\link.992.write.1.tlog
D:\iCNC_2015\iCNC_2015\Debug\link.992-cvtres.read.1.tlog
D:\iCNC_2015\iCNC_2015\Debug\link.992-cvtres.write.1.tlog
D:\iCNC_2015\iCNC_2015\Debug\link.command.1.tlog
D:\iCNC_2015\iCNC_2015\Debug\link.read.1.tlog
D:\iCNC_2015\iCNC_2015\Debug\link.write.1.tlog
D:\ICNC_2015\ICNC_2015\DEBUG\LINKCTRL.OBJ
D:\iCNC_2015\iCNC_2015\Debug\metagen.read.1.tlog
D:\iCNC_2015\iCNC_2015\Debug\metagen.write.1.tlog
D:\ICNC_2015\ICNC_2015\DEBUG\MMICTRL.OBJ
D:\ICNC_2015\ICNC_2015\DEBUG\MMIMAIN.OBJ
D:\iCNC_2015\iCNC_2015\Debug\mt.command.1.tlog
D:\iCNC_2015\iCNC_2015\Debug\mt.read.1.tlog
D:\iCNC_2015\iCNC_2015\Debug\mt.write.1.tlog
D:\ICNC_2015\ICNC_2015\DEBUG\NC_UTILITY.OBJ
D:\iCNC_2015\iCNC_2015\Debug\rc.command.1.tlog
D:\iCNC_2015\iCNC_2015\Debug\rc.read.1.tlog
D:\iCNC_2015\iCNC_2015\Debug\rc.write.1.tlog
D:\ICNC_2015\ICNC_2015\DEBUG\SLOPE.OBJ
D:\ICNC_2015\ICNC_2015\DEBUG\STDAFX.OBJ
D:\ICNC_2015\ICNC_2015\DEBUG\SYSCTRL.OBJ
D:\ICNC_2015\ICNC_2015\DEBUG\SYSMAIN.OBJ
D:\iCNC_2015\iCNC_2015\Debug\TZRES.DLL.bi
D:\ICNC_2015\ICNC_2015\DEBUG\VC100.PDB
