已經開始建置於 2014/7/12 下午 12:21:56。
     1>節點 2 (build 目標) 上的專案 "D:\課程\程式設計\21點\21點\21點.vcxproj"。
     1>InitializeBuildStatus:
         由於指定了 "AlwaysCreate"，因此正在建立 "Debug\21點.unsuccessfulbuild"。
       ClCompile:
         C:\Program Files (x86)\Microsoft Visual Studio 10.0\VC\bin\CL.exe /c /ZI /nologo /W3 /WX- /Od /Oy- /D WIN32 /D _DEBUG /D _CONSOLE /D _UNICODE /D UNICODE /Gm /EHsc /RTC1 /MDd /GS /fp:precise /Zc:wchar_t /Zc:forScope /Fo"Debug\\" /Fd"Debug\vc100.pdb" /Gd /TP /analyze- /errorReport:prompt "21點.cpp"
         21點.cpp
     1>d:\課程\程式設計\21點\21點\21點.cpp(57): warning C4996: 'fopen': This function or variable may be unsafe. Consider using fopen_s instead. To disable deprecation, use _CRT_SECURE_NO_WARNINGS. See online help for details.
                 c:\program files (x86)\microsoft visual studio 10.0\vc\include\stdio.h(234) : 請參閱 'fopen' 的宣告
     1>d:\課程\程式設計\21點\21點\21點.cpp(64): warning C4996: 'scanf': This function or variable may be unsafe. Consider using scanf_s instead. To disable deprecation, use _CRT_SECURE_NO_WARNINGS. See online help for details.
                 c:\program files (x86)\microsoft visual studio 10.0\vc\include\stdio.h(304) : 請參閱 'scanf' 的宣告
     1>d:\課程\程式設計\21點\21點\21點.cpp(104): warning C4996: 'scanf': This function or variable may be unsafe. Consider using scanf_s instead. To disable deprecation, use _CRT_SECURE_NO_WARNINGS. See online help for details.
                 c:\program files (x86)\microsoft visual studio 10.0\vc\include\stdio.h(304) : 請參閱 'scanf' 的宣告
     1>d:\課程\程式設計\21點\21點\21點.cpp(154): warning C4996: 'scanf': This function or variable may be unsafe. Consider using scanf_s instead. To disable deprecation, use _CRT_SECURE_NO_WARNINGS. See online help for details.
                 c:\program files (x86)\microsoft visual studio 10.0\vc\include\stdio.h(304) : 請參閱 'scanf' 的宣告
     1>d:\課程\程式設計\21點\21點\21點.cpp(226): warning C4996: 'scanf': This function or variable may be unsafe. Consider using scanf_s instead. To disable deprecation, use _CRT_SECURE_NO_WARNINGS. See online help for details.
                 c:\program files (x86)\microsoft visual studio 10.0\vc\include\stdio.h(304) : 請參閱 'scanf' 的宣告
     1>d:\課程\程式設計\21點\21點\21點.cpp(288): warning C4996: 'scanf': This function or variable may be unsafe. Consider using scanf_s instead. To disable deprecation, use _CRT_SECURE_NO_WARNINGS. See online help for details.
                 c:\program files (x86)\microsoft visual studio 10.0\vc\include\stdio.h(304) : 請參閱 'scanf' 的宣告
     1>d:\課程\程式設計\21點\21點\21點.cpp(394): warning C4101: 'a' : 未參考的區域變數
     1>d:\課程\程式設計\21點\21點\21點.cpp(727): warning C4996: 'scanf': This function or variable may be unsafe. Consider using scanf_s instead. To disable deprecation, use _CRT_SECURE_NO_WARNINGS. See online help for details.
                 c:\program files (x86)\microsoft visual studio 10.0\vc\include\stdio.h(304) : 請參閱 'scanf' 的宣告
     1>d:\課程\程式設計\21點\21點\21點.cpp(735): warning C4996: 'fopen': This function or variable may be unsafe. Consider using fopen_s instead. To disable deprecation, use _CRT_SECURE_NO_WARNINGS. See online help for details.
                 c:\program files (x86)\microsoft visual studio 10.0\vc\include\stdio.h(234) : 請參閱 'fopen' 的宣告
     1>d:\課程\程式設計\21點\21點\21點.cpp(746): warning C4244: '引數' : 將 'time_t' 轉換為 'unsigned int'，由於型別不同，可能導致資料遺失
       ManifestResourceCompile:
         所有輸出都是最新的。
       Link:
         C:\Program Files (x86)\Microsoft Visual Studio 10.0\VC\bin\link.exe /ERRORREPORT:PROMPT /OUT:"D:\課程\程式設計\21點\Debug\21點.exe" /INCREMENTAL /NOLOGO kernel32.lib user32.lib gdi32.lib winspool.lib comdlg32.lib advapi32.lib shell32.lib ole32.lib oleaut32.lib uuid.lib odbc32.lib odbccp32.lib /MANIFEST /ManifestFile:"Debug\21點.exe.intermediate.manifest" /MANIFESTUAC:"level='asInvoker' uiAccess='false'" /DEBUG /PDB:"D:\課程\程式設計\21點\Debug\21點.pdb" /SUBSYSTEM:CONSOLE /TLBID:1 /DYNAMICBASE /NXCOMPAT /IMPLIB:"D:\課程\程式設計\21點\Debug\21點.lib" /MACHINE:X86 "Debug\21點.exe.embed.manifest.res"
         "Debug\21點.obj"
       Manifest:
         C:\Program Files (x86)\Microsoft SDKs\Windows\v7.0A\bin\mt.exe /nologo /verbose /out:"Debug\21點.exe.embed.manifest" /manifest "Debug\21點.exe.intermediate.manifest"
         所有輸出都是最新的。
       LinkEmbedManifest:
         所有輸出都是最新的。
         21點.vcxproj -> D:\課程\程式設計\21點\Debug\21點.exe
       FinalizeBuildStatus:
         正在刪除檔案 "Debug\21點.unsuccessfulbuild"。
         正在變更時間戳記 "Debug\21點.lastbuildstate"。
     1>專案 "D:\課程\程式設計\21點\21點\21點.vcxproj" (build 目標) 建置完成。

建置成功。

經過時間 00:00:03.04
